[2024-06-30T09:54:48.000Z] [31merror[39m: 	[31mUserService ValidateInput() error: [[39m
[31m  {[39m
[31m    "code": "invalid_type",[39m
[31m    "expected": "object",[39m
[31m    "received": "undefined",[39m
[31m    "path": [[39m
[31m      "fullName"[39m
[31m    ],[39m
[31m    "message": "Required"[39m
[31m  },[39m
[31m  {[39m
[31m    "code": "invalid_type",[39m
[31m    "expected": "string",[39m
[31m    "received": "undefined",[39m
[31m    "path": [[39m
[31m      "DOB"[39m
[31m    ],[39m
[31m    "message": "Required"[39m
[31m  }[39m
[31m][39m
[2024-06-30T09:54:48.067Z] [31merror[39m: 	[31mUserService ValidateInput() error: [[39m
[31m  {[39m
[31m    "code": "invalid_type",[39m
[31m    "expected": "object",[39m
[31m    "received": "undefined",[39m
[31m    "path": [[39m
[31m      "fullName"[39m
[31m    ],[39m
[31m    "message": "Required"[39m
[31m  },[39m
[31m  {[39m
[31m    "code": "invalid_type",[39m
[31m    "expected": "string",[39m
[31m    "received": "undefined",[39m
[31m    "path": [[39m
[31m      "DOB"[39m
[31m    ],[39m
[31m    "message": "Required"[39m
[31m  },[39m
[31m  {[39m
[31m    "code": "too_small",[39m
[31m    "minimum": 1,[39m
[31m    "type": "string",[39m
[31m    "inclusive": true,[39m
[31m    "exact": false,[39m
[31m    "message": "Phone number is required",[39m
[31m    "path": [[39m
[31m      "phoneNumber"[39m
[31m    ][39m
[31m  },[39m
[31m  {[39m
[31m    "validation": "regex",[39m
[31m    "code": "invalid_string",[39m
[31m    "message": "Phone number must be numeric",[39m
[31m    "path": [[39m
[31m      "phoneNumber"[39m
[31m    ][39m
[31m  }[39m
[31m][39m
[2024-06-30T09:54:50.425Z] [32minfo[39m: 	[32mMongoDB connected[39m
[2024-06-30T09:54:50.432Z] [32minfo[39m: 	[32mSuccessfully connected to MongoDB[39m
[2024-06-30T09:54:50.454Z] [32minfo[39m: 	[32mMongoDB disconnected[39m
[2024-06-30T09:54:50.461Z] [32minfo[39m: 	[32mMongoDB disconnected and listeners removed[39m
[2024-06-30T09:54:50.483Z] [32minfo[39m: 	[32mMongoDB connected[39m
[2024-06-30T09:54:50.490Z] [32minfo[39m: 	[32mSuccessfully connected to MongoDB[39m
[2024-06-30T09:54:50.508Z] [32minfo[39m: 	[32mMongoDB disconnected[39m
[2024-06-30T09:54:50.512Z] [32minfo[39m: 	[32mMongoDB disconnected and listeners removed[39m
[2024-06-30T09:54:50.516Z] [32minfo[39m: 	[32mMongoDB disconnected and listeners removed[39m
[2024-06-30T09:54:50.546Z] [32minfo[39m: 	[32mMongoDB disconnected[39m
[2024-06-30T09:54:50.558Z] [31merror[39m: 	[31mInitial MongoDB connection error[39m
[2024-06-30T09:54:50.567Z] [31merror[39m: 	[31mError in MongoDB connection[39m
[2024-06-30T09:54:50.581Z] [32minfo[39m: 	[32mMongoDB disconnected and listeners removed[39m
[2024-06-30T09:59:18.858Z] [32minfo[39m: 	[32mMongoDB connected[39m
[2024-06-30T09:59:18.869Z] [32minfo[39m: 	[32mSuccessfully connected to MongoDB[39m
[2024-06-30T09:59:18.878Z] [32minfo[39m: 	[32mMongoDB disconnected[39m
[2024-06-30T09:59:18.882Z] [32minfo[39m: 	[32mMongoDB disconnected and listeners removed[39m
[2024-06-30T09:59:18.909Z] [32minfo[39m: 	[32mMongoDB connected[39m
[2024-06-30T09:59:18.914Z] [32minfo[39m: 	[32mSuccessfully connected to MongoDB[39m
[2024-06-30T09:59:18.920Z] [32minfo[39m: 	[32mMongoDB disconnected[39m
[2024-06-30T09:59:18.929Z] [32minfo[39m: 	[32mMongoDB disconnected and listeners removed[39m
[2024-06-30T09:59:18.932Z] [32minfo[39m: 	[32mMongoDB disconnected and listeners removed[39m
[2024-06-30T09:59:18.995Z] [32minfo[39m: 	[32mMongoDB disconnected[39m
[2024-06-30T09:59:19.013Z] [31merror[39m: 	[31mInitial MongoDB connection error[39m
[2024-06-30T09:59:19.029Z] [31merror[39m: 	[31mError in MongoDB connection[39m
[2024-06-30T09:59:19.040Z] [32minfo[39m: 	[32mMongoDB disconnected and listeners removed[39m
[2024-06-30T10:01:03.901Z] [32minfo[39m: 	[32mMongoDB connected[39m
[2024-06-30T10:01:03.913Z] [32minfo[39m: 	[32mSuccessfully connected to MongoDB[39m
[2024-06-30T10:01:03.921Z] [32minfo[39m: 	[32mMongoDB disconnected[39m
[2024-06-30T10:01:03.926Z] [32minfo[39m: 	[32mMongoDB disconnected and listeners removed[39m
[2024-06-30T10:01:03.954Z] [32minfo[39m: 	[32mMongoDB connected[39m
[2024-06-30T10:01:03.965Z] [32minfo[39m: 	[32mSuccessfully connected to MongoDB[39m
[2024-06-30T10:01:03.982Z] [32minfo[39m: 	[32mMongoDB disconnected[39m
[2024-06-30T10:01:03.991Z] [32minfo[39m: 	[32mMongoDB disconnected and listeners removed[39m
[2024-06-30T10:01:03.995Z] [32minfo[39m: 	[32mMongoDB disconnected and listeners removed[39m
[2024-06-30T10:01:04.057Z] [32minfo[39m: 	[32mMongoDB disconnected[39m
[2024-06-30T10:01:04.067Z] [31merror[39m: 	[31mInitial MongoDB connection error[39m
[2024-06-30T10:01:04.074Z] [31merror[39m: 	[31mError in MongoDB connection[39m
[2024-06-30T10:01:04.080Z] [32minfo[39m: 	[32mMongoDB disconnected and listeners removed[39m
[2024-06-30T10:02:11.465Z] [32minfo[39m: 	[32mMongoDB connected[39m
[2024-06-30T10:02:11.478Z] [32minfo[39m: 	[32mSuccessfully connected to MongoDB[39m
[2024-06-30T10:02:11.487Z] [32minfo[39m: 	[32mMongoDB disconnected[39m
[2024-06-30T10:02:11.491Z] [32minfo[39m: 	[32mMongoDB disconnected and listeners removed[39m
[2024-06-30T10:02:11.520Z] [32minfo[39m: 	[32mMongoDB connected[39m
[2024-06-30T10:02:11.526Z] [32minfo[39m: 	[32mSuccessfully connected to MongoDB[39m
[2024-06-30T10:02:11.545Z] [32minfo[39m: 	[32mMongoDB disconnected[39m
[2024-06-30T10:02:11.550Z] [32minfo[39m: 	[32mMongoDB disconnected and listeners removed[39m
[2024-06-30T10:02:11.554Z] [32minfo[39m: 	[32mMongoDB disconnected and listeners removed[39m
[2024-06-30T10:02:11.643Z] [32minfo[39m: 	[32mMongoDB disconnected[39m
[2024-06-30T10:02:11.657Z] [31merror[39m: 	[31mInitial MongoDB connection error[39m
[2024-06-30T10:02:11.674Z] [31merror[39m: 	[31mError in MongoDB connection[39m
[2024-06-30T10:02:11.694Z] [32minfo[39m: 	[32mMongoDB disconnected and listeners removed[39m
[2024-06-30T10:04:50.848Z] [32minfo[39m: 	[32mMongoDB connected[39m
[2024-06-30T10:04:50.901Z] [32minfo[39m: 	[32mSuccessfully connected to MongoDB[39m
[2024-06-30T10:04:50.931Z] [32minfo[39m: 	[32mMongoDB disconnected[39m
[2024-06-30T10:04:51.007Z] [32minfo[39m: 	[32mMongoDB disconnected and listeners removed[39m
[2024-06-30T10:04:51.409Z] [32minfo[39m: 	[32mMongoDB connected[39m
[2024-06-30T10:04:51.420Z] [32minfo[39m: 	[32mSuccessfully connected to MongoDB[39m
[2024-06-30T10:04:51.442Z] [32minfo[39m: 	[32mMongoDB disconnected[39m
[2024-06-30T10:04:51.472Z] [32minfo[39m: 	[32mMongoDB disconnected and listeners removed[39m
[2024-06-30T10:04:51.479Z] [32minfo[39m: 	[32mMongoDB disconnected and listeners removed[39m
[2024-06-30T10:04:52.941Z] [32minfo[39m: 	[32mMongoDB disconnected[39m
[2024-06-30T10:04:52.955Z] [31merror[39m: 	[31mInitial MongoDB connection error[39m
[2024-06-30T10:04:53.011Z] [31merror[39m: 	[31mError in MongoDB connection[39m
[2024-06-30T10:04:53.063Z] [32minfo[39m: 	[32mMongoDB disconnected and listeners removed[39m
[2024-06-30T10:56:33.772Z] [32minfo[39m: 	[32mMongoDB connected[39m
[2024-06-30T10:56:33.792Z] [32minfo[39m: 	[32mSuccessfully connected to MongoDB[39m
[2024-06-30T10:56:33.805Z] [32minfo[39m: 	[32mMongoDB disconnected[39m
[2024-06-30T10:56:33.813Z] [32minfo[39m: 	[32mMongoDB disconnected and listeners removed[39m
[2024-06-30T10:56:33.852Z] [32minfo[39m: 	[32mMongoDB connected[39m
[2024-06-30T10:56:33.863Z] [32minfo[39m: 	[32mSuccessfully connected to MongoDB[39m
[2024-06-30T10:56:33.871Z] [32minfo[39m: 	[32mMongoDB disconnected[39m
[2024-06-30T10:56:33.879Z] [32minfo[39m: 	[32mMongoDB disconnected and listeners removed[39m
[2024-06-30T10:56:33.882Z] [32minfo[39m: 	[32mMongoDB disconnected and listeners removed[39m
[2024-06-30T10:56:33.935Z] [32minfo[39m: 	[32mMongoDB disconnected[39m
[2024-06-30T10:56:33.941Z] [31merror[39m: 	[31mInitial MongoDB connection error[39m
[2024-06-30T10:56:33.949Z] [31merror[39m: 	[31mError in MongoDB connection[39m
[2024-06-30T10:56:33.954Z] [32minfo[39m: 	[32mMongoDB disconnected and listeners removed[39m
[2024-06-30T10:58:20.158Z] [32minfo[39m: 	[32mMongoDB connected[39m
[2024-06-30T10:58:20.172Z] [32minfo[39m: 	[32mSuccessfully connected to MongoDB[39m
[2024-06-30T10:58:20.182Z] [32minfo[39m: 	[32mMongoDB disconnected[39m
[2024-06-30T10:58:20.187Z] [32minfo[39m: 	[32mMongoDB disconnected and listeners removed[39m
[2024-06-30T10:58:20.221Z] [32minfo[39m: 	[32mMongoDB connected[39m
[2024-06-30T10:58:20.227Z] [32minfo[39m: 	[32mSuccessfully connected to MongoDB[39m
[2024-06-30T10:58:20.238Z] [32minfo[39m: 	[32mMongoDB disconnected[39m
[2024-06-30T10:58:20.250Z] [32minfo[39m: 	[32mMongoDB disconnected and listeners removed[39m
[2024-06-30T10:58:20.267Z] [32minfo[39m: 	[32mMongoDB disconnected and listeners removed[39m
[2024-06-30T10:58:20.277Z] [32minfo[39m: 	[32mMongoDB disconnected[39m
[2024-06-30T10:58:20.281Z] [31merror[39m: 	[31mInitial MongoDB connection error[39m
[2024-06-30T10:58:20.288Z] [31merror[39m: 	[31mError in MongoDB connection[39m
[2024-06-30T10:58:20.299Z] [32minfo[39m: 	[32mMongoDB disconnected and listeners removed[39m
[2024-06-30T10:59:45.241Z] [32minfo[39m: 	[32mMongoDB connected[39m
[2024-06-30T10:59:45.253Z] [32minfo[39m: 	[32mSuccessfully connected to MongoDB[39m
[2024-06-30T10:59:45.270Z] [32minfo[39m: 	[32mMongoDB disconnected[39m
[2024-06-30T10:59:45.273Z] [32minfo[39m: 	[32mMongoDB disconnected and listeners removed[39m
[2024-06-30T10:59:45.300Z] [32minfo[39m: 	[32mMongoDB connected[39m
[2024-06-30T10:59:45.306Z] [32minfo[39m: 	[32mSuccessfully connected to MongoDB[39m
[2024-06-30T10:59:45.317Z] [32minfo[39m: 	[32mMongoDB disconnected[39m
[2024-06-30T10:59:45.324Z] [32minfo[39m: 	[32mMongoDB disconnected and listeners removed[39m
[2024-06-30T10:59:45.334Z] [32minfo[39m: 	[32mMongoDB disconnected and listeners removed[39m
[2024-06-30T10:59:45.348Z] [32minfo[39m: 	[32mMongoDB disconnected[39m
[2024-06-30T10:59:45.351Z] [31merror[39m: 	[31mInitial MongoDB connection error[39m
[2024-06-30T10:59:45.365Z] [31merror[39m: 	[31mError in MongoDB connection[39m
[2024-06-30T10:59:45.369Z] [32minfo[39m: 	[32mMongoDB disconnected and listeners removed[39m
[2024-06-30T11:00:35.637Z] [32minfo[39m: 	[32mMongoDB connected[39m
[2024-06-30T11:00:35.651Z] [32minfo[39m: 	[32mSuccessfully connected to MongoDB[39m
[2024-06-30T11:00:35.659Z] [32minfo[39m: 	[32mMongoDB disconnected[39m
[2024-06-30T11:00:35.663Z] [32minfo[39m: 	[32mMongoDB disconnected and listeners removed[39m
[2024-06-30T11:00:35.687Z] [32minfo[39m: 	[32mMongoDB connected[39m
[2024-06-30T11:00:35.694Z] [32minfo[39m: 	[32mSuccessfully connected to MongoDB[39m
[2024-06-30T11:00:35.698Z] [32minfo[39m: 	[32mMongoDB disconnected[39m
[2024-06-30T11:00:35.702Z] [32minfo[39m: 	[32mMongoDB disconnected and listeners removed[39m
[2024-06-30T11:00:35.705Z] [32minfo[39m: 	[32mMongoDB disconnected and listeners removed[39m
[2024-06-30T11:00:35.719Z] [32minfo[39m: 	[32mMongoDB disconnected[39m
[2024-06-30T11:00:35.723Z] [31merror[39m: 	[31mInitial MongoDB connection error[39m
[2024-06-30T11:00:35.731Z] [31merror[39m: 	[31mError in MongoDB connection[39m
[2024-06-30T11:00:35.735Z] [32minfo[39m: 	[32mMongoDB disconnected and listeners removed[39m
[2024-06-30T11:04:26.350Z] [32minfo[39m: 	[32mMongoDB connected[39m
[2024-06-30T11:04:26.364Z] [32minfo[39m: 	[32mSuccessfully connected to MongoDB[39m
[2024-06-30T11:04:26.376Z] [32minfo[39m: 	[32mMongoDB disconnected[39m
[2024-06-30T11:04:26.383Z] [32minfo[39m: 	[32mMongoDB disconnected and listeners removed[39m
[2024-06-30T11:04:26.443Z] [32minfo[39m: 	[32mMongoDB connected[39m
[2024-06-30T11:04:26.459Z] [32minfo[39m: 	[32mSuccessfully connected to MongoDB[39m
[2024-06-30T11:04:26.471Z] [32minfo[39m: 	[32mMongoDB disconnected[39m
[2024-06-30T11:04:26.486Z] [32minfo[39m: 	[32mMongoDB disconnected and listeners removed[39m
[2024-06-30T11:04:26.497Z] [32minfo[39m: 	[32mMongoDB disconnected and listeners removed[39m
[2024-06-30T11:04:26.523Z] [32minfo[39m: 	[32mMongoDB disconnected[39m
[2024-06-30T11:04:26.530Z] [31merror[39m: 	[31mInitial MongoDB connection error[39m
[2024-06-30T11:04:26.538Z] [31merror[39m: 	[31mError in MongoDB connection[39m
[2024-06-30T11:04:26.549Z] [32minfo[39m: 	[32mMongoDB disconnected and listeners removed[39m
[2024-06-30T11:05:00.956Z] [32minfo[39m: 	[32mMongoDB connected[39m
[2024-06-30T11:05:00.967Z] [32minfo[39m: 	[32mSuccessfully connected to MongoDB[39m
[2024-06-30T11:05:00.975Z] [32minfo[39m: 	[32mMongoDB disconnected[39m
[2024-06-30T11:05:00.979Z] [32minfo[39m: 	[32mMongoDB disconnected and listeners removed[39m
[2024-06-30T11:05:01.006Z] [32minfo[39m: 	[32mMongoDB connected[39m
[2024-06-30T11:05:01.012Z] [32minfo[39m: 	[32mSuccessfully connected to MongoDB[39m
[2024-06-30T11:05:01.023Z] [32minfo[39m: 	[32mMongoDB disconnected[39m
[2024-06-30T11:05:01.031Z] [32minfo[39m: 	[32mMongoDB disconnected and listeners removed[39m
[2024-06-30T11:05:01.038Z] [32minfo[39m: 	[32mMongoDB disconnected and listeners removed[39m
[2024-06-30T11:05:01.047Z] [32minfo[39m: 	[32mMongoDB disconnected[39m
[2024-06-30T11:05:01.051Z] [31merror[39m: 	[31mInitial MongoDB connection error[39m
[2024-06-30T11:05:01.056Z] [31merror[39m: 	[31mError in MongoDB connection[39m
[2024-06-30T11:05:01.065Z] [32minfo[39m: 	[32mMongoDB disconnected and listeners removed[39m
[2024-06-30T11:06:38.516Z] [32minfo[39m: 	[32mMongoDB connected[39m
[2024-06-30T11:06:38.534Z] [32minfo[39m: 	[32mSuccessfully connected to MongoDB[39m
[2024-06-30T11:06:38.543Z] [32minfo[39m: 	[32mMongoDB disconnected[39m
[2024-06-30T11:06:38.550Z] [32minfo[39m: 	[32mMongoDB disconnected and listeners removed[39m
[2024-06-30T11:06:38.579Z] [32minfo[39m: 	[32mMongoDB connected[39m
[2024-06-30T11:06:38.585Z] [32minfo[39m: 	[32mSuccessfully connected to MongoDB[39m
[2024-06-30T11:06:38.596Z] [32minfo[39m: 	[32mMongoDB disconnected[39m
[2024-06-30T11:06:38.605Z] [32minfo[39m: 	[32mMongoDB disconnected and listeners removed[39m
[2024-06-30T11:06:38.612Z] [32minfo[39m: 	[32mMongoDB disconnected and listeners removed[39m
[2024-06-30T11:06:38.631Z] [32minfo[39m: 	[32mMongoDB disconnected[39m
[2024-06-30T11:06:38.636Z] [31merror[39m: 	[31mInitial MongoDB connection error[39m
[2024-06-30T11:06:38.642Z] [31merror[39m: 	[31mError in MongoDB connection[39m
[2024-06-30T11:06:38.646Z] [32minfo[39m: 	[32mMongoDB disconnected and listeners removed[39m
[2024-06-30T11:07:59.234Z] [32minfo[39m: 	[32mMongoDB connected[39m
[2024-06-30T11:07:59.248Z] [32minfo[39m: 	[32mSuccessfully connected to MongoDB[39m
[2024-06-30T11:07:59.258Z] [32minfo[39m: 	[32mMongoDB disconnected[39m
[2024-06-30T11:07:59.262Z] [32minfo[39m: 	[32mMongoDB disconnected and listeners removed[39m
[2024-06-30T11:07:59.296Z] [32minfo[39m: 	[32mMongoDB connected[39m
[2024-06-30T11:07:59.309Z] [32minfo[39m: 	[32mSuccessfully connected to MongoDB[39m
[2024-06-30T11:07:59.315Z] [32minfo[39m: 	[32mMongoDB disconnected[39m
[2024-06-30T11:07:59.323Z] [32minfo[39m: 	[32mMongoDB disconnected and listeners removed[39m
[2024-06-30T11:07:59.336Z] [32minfo[39m: 	[32mMongoDB disconnected and listeners removed[39m
[2024-06-30T11:07:59.346Z] [32minfo[39m: 	[32mMongoDB disconnected[39m
[2024-06-30T11:07:59.350Z] [31merror[39m: 	[31mInitial MongoDB connection error[39m
[2024-06-30T11:07:59.356Z] [31merror[39m: 	[31mError in MongoDB connection[39m
[2024-06-30T11:07:59.361Z] [32minfo[39m: 	[32mMongoDB disconnected and listeners removed[39m
[2024-06-30T11:09:06.079Z] [32minfo[39m: 	[32mMongoDB connected[39m
[2024-06-30T11:09:06.093Z] [32minfo[39m: 	[32mSuccessfully connected to MongoDB[39m
[2024-06-30T11:09:06.100Z] [32minfo[39m: 	[32mMongoDB disconnected[39m
[2024-06-30T11:09:06.104Z] [32minfo[39m: 	[32mMongoDB disconnected and listeners removed[39m
[2024-06-30T11:09:06.158Z] [32minfo[39m: 	[32mMongoDB connected[39m
[2024-06-30T11:09:06.164Z] [32minfo[39m: 	[32mSuccessfully connected to MongoDB[39m
[2024-06-30T11:09:06.176Z] [32minfo[39m: 	[32mMongoDB disconnected[39m
[2024-06-30T11:09:06.185Z] [32minfo[39m: 	[32mMongoDB disconnected and listeners removed[39m
[2024-06-30T11:09:06.306Z] [32minfo[39m: 	[32mMongoDB disconnected and listeners removed[39m
[2024-06-30T11:09:06.317Z] [32minfo[39m: 	[32mMongoDB disconnected[39m
[2024-06-30T11:09:06.321Z] [31merror[39m: 	[31mInitial MongoDB connection error[39m
[2024-06-30T11:09:06.367Z] [31merror[39m: 	[31mError in MongoDB connection[39m
[2024-06-30T11:09:06.386Z] [32minfo[39m: 	[32mMongoDB disconnected and listeners removed[39m
[2024-06-30T11:10:22.093Z] [32minfo[39m: 	[32mMongoDB connected[39m
[2024-06-30T11:10:22.106Z] [32minfo[39m: 	[32mSuccessfully connected to MongoDB[39m
[2024-06-30T11:10:22.119Z] [32minfo[39m: 	[32mMongoDB disconnected[39m
[2024-06-30T11:10:22.123Z] [32minfo[39m: 	[32mMongoDB disconnected and listeners removed[39m
[2024-06-30T11:10:22.142Z] [32minfo[39m: 	[32mMongoDB connected[39m
[2024-06-30T11:10:22.149Z] [32minfo[39m: 	[32mSuccessfully connected to MongoDB[39m
[2024-06-30T11:10:22.164Z] [32minfo[39m: 	[32mMongoDB disconnected[39m
[2024-06-30T11:10:22.182Z] [32minfo[39m: 	[32mMongoDB disconnected and listeners removed[39m
[2024-06-30T11:10:22.186Z] [32minfo[39m: 	[32mMongoDB disconnected and listeners removed[39m
[2024-06-30T11:10:22.199Z] [32minfo[39m: 	[32mMongoDB disconnected[39m
[2024-06-30T11:10:22.204Z] [31merror[39m: 	[31mInitial MongoDB connection error[39m
[2024-06-30T11:10:22.228Z] [31merror[39m: 	[31mError in MongoDB connection[39m
[2024-06-30T11:10:22.234Z] [32minfo[39m: 	[32mMongoDB disconnected and listeners removed[39m
[2024-06-30T11:13:13.604Z] [32minfo[39m: 	[32mMongoDB connected[39m
[2024-06-30T11:13:13.622Z] [32minfo[39m: 	[32mSuccessfully connected to MongoDB[39m
[2024-06-30T11:13:13.632Z] [32minfo[39m: 	[32mMongoDB disconnected[39m
[2024-06-30T11:13:13.639Z] [32minfo[39m: 	[32mMongoDB disconnected and listeners removed[39m
[2024-06-30T11:13:13.673Z] [32minfo[39m: 	[32mMongoDB connected[39m
[2024-06-30T11:13:13.679Z] [32minfo[39m: 	[32mSuccessfully connected to MongoDB[39m
[2024-06-30T11:13:13.690Z] [32minfo[39m: 	[32mMongoDB disconnected[39m
[2024-06-30T11:13:13.699Z] [32minfo[39m: 	[32mMongoDB disconnected and listeners removed[39m
[2024-06-30T11:13:13.703Z] [32minfo[39m: 	[32mMongoDB disconnected and listeners removed[39m
[2024-06-30T11:13:13.719Z] [32minfo[39m: 	[32mMongoDB disconnected[39m
[2024-06-30T11:13:13.724Z] [31merror[39m: 	[31mInitial MongoDB connection error[39m
[2024-06-30T11:13:13.733Z] [31merror[39m: 	[31mError in MongoDB connection[39m
[2024-06-30T11:13:13.737Z] [32minfo[39m: 	[32mMongoDB disconnected and listeners removed[39m
[2024-06-30T11:14:25.913Z] [32minfo[39m: 	[32mMongoDB connected[39m
[2024-06-30T11:14:25.924Z] [32minfo[39m: 	[32mSuccessfully connected to MongoDB[39m
[2024-06-30T11:14:25.931Z] [32minfo[39m: 	[32mMongoDB disconnected[39m
[2024-06-30T11:14:25.936Z] [32minfo[39m: 	[32mMongoDB disconnected and listeners removed[39m
[2024-06-30T11:14:25.963Z] [32minfo[39m: 	[32mMongoDB connected[39m
[2024-06-30T11:14:25.972Z] [32minfo[39m: 	[32mSuccessfully connected to MongoDB[39m
[2024-06-30T11:14:25.980Z] [32minfo[39m: 	[32mMongoDB disconnected[39m
[2024-06-30T11:14:25.985Z] [32minfo[39m: 	[32mMongoDB disconnected and listeners removed[39m
[2024-06-30T11:14:25.989Z] [32minfo[39m: 	[32mMongoDB disconnected and listeners removed[39m
[2024-06-30T11:14:26.008Z] [32minfo[39m: 	[32mMongoDB disconnected[39m
[2024-06-30T11:14:26.012Z] [31merror[39m: 	[31mInitial MongoDB connection error[39m
[2024-06-30T11:14:26.019Z] [31merror[39m: 	[31mError in MongoDB connection[39m
[2024-06-30T11:14:26.026Z] [32minfo[39m: 	[32mMongoDB disconnected and listeners removed[39m
[2024-06-30T11:15:10.041Z] [32minfo[39m: 	[32mMongoDB connected[39m
[2024-06-30T11:15:10.051Z] [32minfo[39m: 	[32mSuccessfully connected to MongoDB[39m
[2024-06-30T11:15:10.058Z] [32minfo[39m: 	[32mMongoDB disconnected[39m
[2024-06-30T11:15:10.062Z] [32minfo[39m: 	[32mMongoDB disconnected and listeners removed[39m
[2024-06-30T11:15:10.088Z] [32minfo[39m: 	[32mMongoDB connected[39m
[2024-06-30T11:15:10.093Z] [32minfo[39m: 	[32mSuccessfully connected to MongoDB[39m
[2024-06-30T11:15:10.098Z] [32minfo[39m: 	[32mMongoDB disconnected[39m
[2024-06-30T11:15:10.104Z] [32minfo[39m: 	[32mMongoDB disconnected and listeners removed[39m
[2024-06-30T11:15:10.108Z] [32minfo[39m: 	[32mMongoDB disconnected and listeners removed[39m
[2024-06-30T11:15:10.201Z] [32minfo[39m: 	[32mMongoDB disconnected[39m
[2024-06-30T11:15:10.210Z] [31merror[39m: 	[31mInitial MongoDB connection error[39m
[2024-06-30T11:15:10.215Z] [31merror[39m: 	[31mError in MongoDB connection[39m
[2024-06-30T11:15:10.220Z] [32minfo[39m: 	[32mMongoDB disconnected and listeners removed[39m
[2024-06-30T11:15:42.330Z] [32minfo[39m: 	[32mMongoDB connected[39m
[2024-06-30T11:15:42.345Z] [32minfo[39m: 	[32mSuccessfully connected to MongoDB[39m
[2024-06-30T11:15:42.357Z] [32minfo[39m: 	[32mMongoDB disconnected[39m
[2024-06-30T11:15:42.364Z] [32minfo[39m: 	[32mMongoDB disconnected and listeners removed[39m
[2024-06-30T11:15:42.399Z] [32minfo[39m: 	[32mMongoDB connected[39m
[2024-06-30T11:15:42.408Z] [32minfo[39m: 	[32mSuccessfully connected to MongoDB[39m
[2024-06-30T11:15:42.419Z] [32minfo[39m: 	[32mMongoDB disconnected[39m
[2024-06-30T11:15:42.428Z] [32minfo[39m: 	[32mMongoDB disconnected and listeners removed[39m
[2024-06-30T11:15:42.433Z] [32minfo[39m: 	[32mMongoDB disconnected and listeners removed[39m
[2024-06-30T11:15:42.459Z] [32minfo[39m: 	[32mMongoDB disconnected[39m
[2024-06-30T11:15:42.463Z] [31merror[39m: 	[31mInitial MongoDB connection error[39m
[2024-06-30T11:15:42.469Z] [31merror[39m: 	[31mError in MongoDB connection[39m
[2024-06-30T11:15:42.477Z] [32minfo[39m: 	[32mMongoDB disconnected and listeners removed[39m
[2024-06-30T11:16:42.399Z] [32minfo[39m: 	[32mMongoDB connected[39m
[2024-06-30T11:16:42.419Z] [32minfo[39m: 	[32mSuccessfully connected to MongoDB[39m
[2024-06-30T11:16:42.432Z] [32minfo[39m: 	[32mMongoDB disconnected[39m
[2024-06-30T11:16:42.438Z] [32minfo[39m: 	[32mMongoDB disconnected and listeners removed[39m
[2024-06-30T11:16:42.488Z] [32minfo[39m: 	[32mMongoDB connected[39m
[2024-06-30T11:16:42.497Z] [32minfo[39m: 	[32mSuccessfully connected to MongoDB[39m
[2024-06-30T11:16:42.508Z] [32minfo[39m: 	[32mMongoDB disconnected[39m
[2024-06-30T11:16:42.537Z] [32minfo[39m: 	[32mMongoDB disconnected and listeners removed[39m
[2024-06-30T11:16:42.561Z] [32minfo[39m: 	[32mMongoDB disconnected and listeners removed[39m
[2024-06-30T11:16:42.685Z] [32minfo[39m: 	[32mMongoDB disconnected[39m
[2024-06-30T11:16:42.700Z] [31merror[39m: 	[31mInitial MongoDB connection error[39m
[2024-06-30T11:16:42.710Z] [31merror[39m: 	[31mError in MongoDB connection[39m
[2024-06-30T11:16:42.719Z] [32minfo[39m: 	[32mMongoDB disconnected and listeners removed[39m
[2024-06-30T11:18:02.272Z] [32minfo[39m: 	[32mMongoDB connected[39m
[2024-06-30T11:18:02.285Z] [32minfo[39m: 	[32mSuccessfully connected to MongoDB[39m
[2024-06-30T11:18:02.294Z] [32minfo[39m: 	[32mMongoDB disconnected[39m
[2024-06-30T11:18:02.298Z] [32minfo[39m: 	[32mMongoDB disconnected and listeners removed[39m
[2024-06-30T11:18:02.324Z] [32minfo[39m: 	[32mMongoDB connected[39m
[2024-06-30T11:18:02.329Z] [32minfo[39m: 	[32mSuccessfully connected to MongoDB[39m
[2024-06-30T11:18:02.334Z] [32minfo[39m: 	[32mMongoDB disconnected[39m
[2024-06-30T11:18:02.338Z] [32minfo[39m: 	[32mMongoDB disconnected and listeners removed[39m
[2024-06-30T11:18:02.356Z] [32minfo[39m: 	[32mMongoDB disconnected and listeners removed[39m
[2024-06-30T11:18:02.460Z] [32minfo[39m: 	[32mMongoDB disconnected[39m
[2024-06-30T11:18:02.471Z] [31merror[39m: 	[31mInitial MongoDB connection error[39m
[2024-06-30T11:18:02.479Z] [31merror[39m: 	[31mError in MongoDB connection[39m
[2024-06-30T11:18:02.484Z] [32minfo[39m: 	[32mMongoDB disconnected and listeners removed[39m
[2024-06-30T11:19:34.313Z] [32minfo[39m: 	[32mMongoDB connected[39m
[2024-06-30T11:19:34.325Z] [32minfo[39m: 	[32mSuccessfully connected to MongoDB[39m
[2024-06-30T11:19:34.339Z] [32minfo[39m: 	[32mMongoDB disconnected[39m
[2024-06-30T11:19:34.343Z] [32minfo[39m: 	[32mMongoDB disconnected and listeners removed[39m
[2024-06-30T11:19:34.363Z] [32minfo[39m: 	[32mMongoDB connected[39m
[2024-06-30T11:19:34.368Z] [32minfo[39m: 	[32mSuccessfully connected to MongoDB[39m
[2024-06-30T11:19:34.376Z] [32minfo[39m: 	[32mMongoDB disconnected[39m
[2024-06-30T11:19:34.382Z] [32minfo[39m: 	[32mMongoDB disconnected and listeners removed[39m
[2024-06-30T11:19:34.386Z] [32minfo[39m: 	[32mMongoDB disconnected and listeners removed[39m
[2024-06-30T11:19:34.488Z] [32minfo[39m: 	[32mMongoDB disconnected[39m
[2024-06-30T11:19:34.502Z] [31merror[39m: 	[31mInitial MongoDB connection error[39m
[2024-06-30T11:19:34.513Z] [31merror[39m: 	[31mError in MongoDB connection[39m
[2024-06-30T11:19:34.518Z] [32minfo[39m: 	[32mMongoDB disconnected and listeners removed[39m
[2024-06-30T11:20:46.617Z] [32minfo[39m: 	[32mMongoDB connected[39m
[2024-06-30T11:20:46.647Z] [32minfo[39m: 	[32mSuccessfully connected to MongoDB[39m
[2024-06-30T11:20:46.672Z] [32minfo[39m: 	[32mMongoDB disconnected[39m
[2024-06-30T11:20:46.708Z] [32minfo[39m: 	[32mMongoDB disconnected and listeners removed[39m
[2024-06-30T11:20:46.780Z] [32minfo[39m: 	[32mMongoDB connected[39m
[2024-06-30T11:20:46.787Z] [32minfo[39m: 	[32mSuccessfully connected to MongoDB[39m
[2024-06-30T11:20:46.795Z] [32minfo[39m: 	[32mMongoDB disconnected[39m
[2024-06-30T11:20:46.800Z] [32minfo[39m: 	[32mMongoDB disconnected and listeners removed[39m
[2024-06-30T11:20:46.804Z] [32minfo[39m: 	[32mMongoDB disconnected and listeners removed[39m
[2024-06-30T11:20:46.889Z] [32minfo[39m: 	[32mMongoDB disconnected[39m
[2024-06-30T11:20:46.905Z] [31merror[39m: 	[31mInitial MongoDB connection error[39m
[2024-06-30T11:20:46.934Z] [31merror[39m: 	[31mError in MongoDB connection[39m
[2024-06-30T11:20:46.946Z] [32minfo[39m: 	[32mMongoDB disconnected and listeners removed[39m
[2024-06-30T11:22:02.367Z] [32minfo[39m: 	[32mMongoDB connected[39m
[2024-06-30T11:22:02.378Z] [32minfo[39m: 	[32mSuccessfully connected to MongoDB[39m
[2024-06-30T11:22:02.386Z] [32minfo[39m: 	[32mMongoDB disconnected[39m
[2024-06-30T11:22:02.390Z] [32minfo[39m: 	[32mMongoDB disconnected and listeners removed[39m
[2024-06-30T11:22:02.415Z] [32minfo[39m: 	[32mMongoDB connected[39m
[2024-06-30T11:22:02.420Z] [32minfo[39m: 	[32mSuccessfully connected to MongoDB[39m
[2024-06-30T11:22:02.427Z] [32minfo[39m: 	[32mMongoDB disconnected[39m
[2024-06-30T11:22:02.436Z] [32minfo[39m: 	[32mMongoDB disconnected and listeners removed[39m
[2024-06-30T11:22:02.439Z] [32minfo[39m: 	[32mMongoDB disconnected and listeners removed[39m
[2024-06-30T11:22:02.511Z] [32minfo[39m: 	[32mMongoDB disconnected[39m
[2024-06-30T11:22:02.522Z] [31merror[39m: 	[31mInitial MongoDB connection error[39m
[2024-06-30T11:22:02.529Z] [31merror[39m: 	[31mError in MongoDB connection[39m
[2024-06-30T11:22:02.536Z] [32minfo[39m: 	[32mMongoDB disconnected and listeners removed[39m
[2024-06-30T11:22:38.729Z] [32minfo[39m: 	[32mMongoDB connected[39m
[2024-06-30T11:22:38.740Z] [32minfo[39m: 	[32mSuccessfully connected to MongoDB[39m
[2024-06-30T11:22:38.748Z] [32minfo[39m: 	[32mMongoDB disconnected[39m
[2024-06-30T11:22:38.752Z] [32minfo[39m: 	[32mMongoDB disconnected and listeners removed[39m
[2024-06-30T11:22:38.778Z] [32minfo[39m: 	[32mMongoDB connected[39m
[2024-06-30T11:22:38.784Z] [32minfo[39m: 	[32mSuccessfully connected to MongoDB[39m
[2024-06-30T11:22:38.789Z] [32minfo[39m: 	[32mMongoDB disconnected[39m
[2024-06-30T11:22:38.793Z] [32minfo[39m: 	[32mMongoDB disconnected and listeners removed[39m
[2024-06-30T11:22:38.805Z] [32minfo[39m: 	[32mMongoDB disconnected and listeners removed[39m
[2024-06-30T11:22:38.898Z] [32minfo[39m: 	[32mMongoDB disconnected[39m
[2024-06-30T11:22:38.904Z] [31merror[39m: 	[31mInitial MongoDB connection error[39m
[2024-06-30T11:22:38.913Z] [31merror[39m: 	[31mError in MongoDB connection[39m
[2024-06-30T11:22:38.917Z] [32minfo[39m: 	[32mMongoDB disconnected and listeners removed[39m
[2024-06-30T11:23:26.896Z] [32minfo[39m: 	[32mMongoDB connected[39m
[2024-06-30T11:23:26.909Z] [32minfo[39m: 	[32mSuccessfully connected to MongoDB[39m
[2024-06-30T11:23:26.918Z] [32minfo[39m: 	[32mMongoDB disconnected[39m
[2024-06-30T11:23:26.922Z] [32minfo[39m: 	[32mMongoDB disconnected and listeners removed[39m
[2024-06-30T11:23:26.949Z] [32minfo[39m: 	[32mMongoDB connected[39m
[2024-06-30T11:23:26.957Z] [32minfo[39m: 	[32mSuccessfully connected to MongoDB[39m
[2024-06-30T11:23:26.963Z] [32minfo[39m: 	[32mMongoDB disconnected[39m
[2024-06-30T11:23:26.969Z] [32minfo[39m: 	[32mMongoDB disconnected and listeners removed[39m
[2024-06-30T11:23:26.973Z] [32minfo[39m: 	[32mMongoDB disconnected and listeners removed[39m
[2024-06-30T11:23:27.139Z] [32minfo[39m: 	[32mMongoDB disconnected[39m
[2024-06-30T11:23:27.146Z] [31merror[39m: 	[31mInitial MongoDB connection error[39m
[2024-06-30T11:23:27.156Z] [31merror[39m: 	[31mError in MongoDB connection[39m
[2024-06-30T11:23:27.162Z] [32minfo[39m: 	[32mMongoDB disconnected and listeners removed[39m
[2024-06-30T11:24:57.413Z] [32minfo[39m: 	[32mMongoDB connected[39m
[2024-06-30T11:24:57.428Z] [32minfo[39m: 	[32mSuccessfully connected to MongoDB[39m
[2024-06-30T11:24:57.443Z] [32minfo[39m: 	[32mMongoDB disconnected[39m
[2024-06-30T11:24:57.448Z] [32minfo[39m: 	[32mMongoDB disconnected and listeners removed[39m
[2024-06-30T11:24:57.470Z] [32minfo[39m: 	[32mMongoDB connected[39m
[2024-06-30T11:24:57.478Z] [32minfo[39m: 	[32mSuccessfully connected to MongoDB[39m
[2024-06-30T11:24:57.497Z] [32minfo[39m: 	[32mMongoDB disconnected[39m
[2024-06-30T11:24:57.506Z] [32minfo[39m: 	[32mMongoDB disconnected and listeners removed[39m
[2024-06-30T11:24:57.510Z] [32minfo[39m: 	[32mMongoDB disconnected and listeners removed[39m
[2024-06-30T11:24:57.649Z] [32minfo[39m: 	[32mMongoDB disconnected[39m
[2024-06-30T11:24:57.664Z] [31merror[39m: 	[31mInitial MongoDB connection error[39m
[2024-06-30T11:24:57.689Z] [31merror[39m: 	[31mError in MongoDB connection[39m
[2024-06-30T11:24:57.695Z] [32minfo[39m: 	[32mMongoDB disconnected and listeners removed[39m
[2024-06-30T11:26:08.392Z] [32minfo[39m: 	[32mMongoDB connected[39m
[2024-06-30T11:26:08.405Z] [32minfo[39m: 	[32mSuccessfully connected to MongoDB[39m
[2024-06-30T11:26:08.413Z] [32minfo[39m: 	[32mMongoDB disconnected[39m
[2024-06-30T11:26:08.420Z] [32minfo[39m: 	[32mMongoDB disconnected and listeners removed[39m
[2024-06-30T11:26:08.446Z] [32minfo[39m: 	[32mMongoDB connected[39m
[2024-06-30T11:26:08.452Z] [32minfo[39m: 	[32mSuccessfully connected to MongoDB[39m
[2024-06-30T11:26:08.462Z] [32minfo[39m: 	[32mMongoDB disconnected[39m
[2024-06-30T11:26:08.472Z] [32minfo[39m: 	[32mMongoDB disconnected and listeners removed[39m
[2024-06-30T11:26:08.483Z] [32minfo[39m: 	[32mMongoDB disconnected and listeners removed[39m
[2024-06-30T11:26:08.581Z] [32minfo[39m: 	[32mMongoDB disconnected[39m
[2024-06-30T11:26:08.589Z] [31merror[39m: 	[31mInitial MongoDB connection error[39m
[2024-06-30T11:26:08.596Z] [31merror[39m: 	[31mError in MongoDB connection[39m
[2024-06-30T11:26:08.601Z] [32minfo[39m: 	[32mMongoDB disconnected and listeners removed[39m
[2024-06-30T11:27:36.760Z] [32minfo[39m: 	[32mMongoDB connected[39m
[2024-06-30T11:27:36.777Z] [32minfo[39m: 	[32mSuccessfully connected to MongoDB[39m
[2024-06-30T11:27:36.786Z] [32minfo[39m: 	[32mMongoDB disconnected[39m
[2024-06-30T11:27:36.790Z] [32minfo[39m: 	[32mMongoDB disconnected and listeners removed[39m
[2024-06-30T11:27:36.821Z] [32minfo[39m: 	[32mMongoDB connected[39m
[2024-06-30T11:27:36.828Z] [32minfo[39m: 	[32mSuccessfully connected to MongoDB[39m
[2024-06-30T11:27:36.834Z] [32minfo[39m: 	[32mMongoDB disconnected[39m
[2024-06-30T11:27:36.843Z] [32minfo[39m: 	[32mMongoDB disconnected and listeners removed[39m
[2024-06-30T11:27:36.849Z] [32minfo[39m: 	[32mMongoDB disconnected and listeners removed[39m
[2024-06-30T11:27:36.916Z] [32minfo[39m: 	[32mMongoDB disconnected[39m
[2024-06-30T11:27:36.927Z] [31merror[39m: 	[31mInitial MongoDB connection error[39m
[2024-06-30T11:27:36.939Z] [31merror[39m: 	[31mError in MongoDB connection[39m
[2024-06-30T11:27:36.947Z] [32minfo[39m: 	[32mMongoDB disconnected and listeners removed[39m
[2024-06-30T11:28:42.782Z] [32minfo[39m: 	[32mMongoDB connected[39m
[2024-06-30T11:28:42.793Z] [32minfo[39m: 	[32mSuccessfully connected to MongoDB[39m
[2024-06-30T11:28:42.801Z] [32minfo[39m: 	[32mMongoDB disconnected[39m
[2024-06-30T11:28:42.806Z] [32minfo[39m: 	[32mMongoDB disconnected and listeners removed[39m
[2024-06-30T11:28:42.832Z] [32minfo[39m: 	[32mMongoDB connected[39m
[2024-06-30T11:28:42.838Z] [32minfo[39m: 	[32mSuccessfully connected to MongoDB[39m
[2024-06-30T11:28:42.842Z] [32minfo[39m: 	[32mMongoDB disconnected[39m
[2024-06-30T11:28:42.846Z] [32minfo[39m: 	[32mMongoDB disconnected and listeners removed[39m
[2024-06-30T11:28:42.849Z] [32minfo[39m: 	[32mMongoDB disconnected and listeners removed[39m
[2024-06-30T11:28:44.142Z] [32minfo[39m: 	[32mMongoDB connected[39m
[2024-06-30T11:28:44.150Z] [32minfo[39m: 	[32mSuccessfully connected to MongoDB[39m
[2024-06-30T11:28:44.163Z] [32minfo[39m: 	[32mMongoDB disconnected[39m
[2024-06-30T11:28:44.167Z] [32minfo[39m: 	[32mMongoDB disconnected and listeners removed[39m
[2024-06-30T11:29:22.531Z] [32minfo[39m: 	[32mMongoDB connected[39m
[2024-06-30T11:29:22.548Z] [32minfo[39m: 	[32mSuccessfully connected to MongoDB[39m
[2024-06-30T11:29:22.567Z] [32minfo[39m: 	[32mMongoDB disconnected[39m
[2024-06-30T11:29:22.598Z] [32minfo[39m: 	[32mMongoDB disconnected and listeners removed[39m
[2024-06-30T11:29:22.725Z] [32minfo[39m: 	[32mMongoDB connected[39m
[2024-06-30T11:29:22.730Z] [32minfo[39m: 	[32mSuccessfully connected to MongoDB[39m
[2024-06-30T11:29:22.744Z] [32minfo[39m: 	[32mMongoDB disconnected[39m
[2024-06-30T11:29:22.751Z] [32minfo[39m: 	[32mMongoDB disconnected and listeners removed[39m
[2024-06-30T11:29:22.757Z] [32minfo[39m: 	[32mMongoDB disconnected and listeners removed[39m
[2024-06-30T11:29:25.264Z] [32minfo[39m: 	[32mMongoDB connected[39m
[2024-06-30T11:29:25.271Z] [32minfo[39m: 	[32mSuccessfully connected to MongoDB[39m
[2024-06-30T11:29:25.280Z] [32minfo[39m: 	[32mMongoDB disconnected[39m
[2024-06-30T11:29:25.290Z] [32minfo[39m: 	[32mMongoDB disconnected and listeners removed[39m
[2024-06-30T11:29:47.612Z] [32minfo[39m: 	[32mMongoDB connected[39m
[2024-06-30T11:29:47.630Z] [32minfo[39m: 	[32mSuccessfully connected to MongoDB[39m
[2024-06-30T11:29:47.646Z] [32minfo[39m: 	[32mMongoDB disconnected[39m
[2024-06-30T11:29:47.653Z] [32minfo[39m: 	[32mMongoDB disconnected and listeners removed[39m
[2024-06-30T11:29:47.684Z] [32minfo[39m: 	[32mMongoDB connected[39m
[2024-06-30T11:29:47.689Z] [32minfo[39m: 	[32mSuccessfully connected to MongoDB[39m
[2024-06-30T11:29:47.693Z] [32minfo[39m: 	[32mMongoDB disconnected[39m
[2024-06-30T11:29:47.698Z] [32minfo[39m: 	[32mMongoDB disconnected and listeners removed[39m
[2024-06-30T11:29:47.703Z] [32minfo[39m: 	[32mMongoDB disconnected and listeners removed[39m
[2024-06-30T11:29:49.364Z] [32minfo[39m: 	[32mMongoDB disconnected[39m
[2024-06-30T11:29:49.373Z] [31merror[39m: 	[31mInitial MongoDB connection error[39m
[2024-06-30T11:29:49.381Z] [31merror[39m: 	[31mError in MongoDB connection[39m
[2024-06-30T11:29:49.419Z] [32minfo[39m: 	[32mMongoDB disconnected and listeners removed[39m
[2024-06-30T11:30:41.818Z] [32minfo[39m: 	[32mMongoDB connected[39m
[2024-06-30T11:30:41.829Z] [32minfo[39m: 	[32mSuccessfully connected to MongoDB[39m
[2024-06-30T11:30:41.838Z] [32minfo[39m: 	[32mMongoDB disconnected[39m
[2024-06-30T11:30:41.842Z] [32minfo[39m: 	[32mMongoDB disconnected and listeners removed[39m
[2024-06-30T11:30:41.869Z] [32minfo[39m: 	[32mMongoDB connected[39m
[2024-06-30T11:30:41.873Z] [32minfo[39m: 	[32mSuccessfully connected to MongoDB[39m
[2024-06-30T11:30:41.878Z] [32minfo[39m: 	[32mMongoDB disconnected[39m
[2024-06-30T11:30:41.893Z] [32minfo[39m: 	[32mMongoDB disconnected and listeners removed[39m
[2024-06-30T11:30:41.899Z] [32minfo[39m: 	[32mMongoDB disconnected and listeners removed[39m
[2024-06-30T11:30:41.937Z] [32minfo[39m: 	[32mMongoDB connected[39m
[2024-06-30T11:30:41.944Z] [32minfo[39m: 	[32mSuccessfully connected to MongoDB[39m
[2024-06-30T11:30:41.960Z] [32minfo[39m: 	[32mMongoDB disconnected[39m
[2024-06-30T11:30:41.966Z] [32minfo[39m: 	[32mMongoDB disconnected and listeners removed[39m
[2024-06-30T13:32:44.856Z] [32minfo[39m: 	[32mMongoDB connected[39m
[2024-06-30T13:32:44.870Z] [32minfo[39m: 	[32mSuccessfully connected to MongoDB[39m
[2024-06-30T13:32:44.882Z] [32minfo[39m: 	[32mServer is listening on port: 3000[39m
[2024-06-30T13:51:15.008Z] [32minfo[39m: 	[32mMongoDB connected[39m
[2024-06-30T13:51:15.018Z] [32minfo[39m: 	[32mSuccessfully connected to MongoDB[39m
[2024-06-30T13:51:15.030Z] [32minfo[39m: 	[32mServer is listening on port: 3000[39m
[2024-06-30T16:43:04.164Z] [32minfo[39m: 	[32mMongoDB connected[39m
[2024-06-30T16:43:04.183Z] [32minfo[39m: 	[32mSuccessfully connected to MongoDB[39m
[2024-06-30T16:43:04.200Z] [32minfo[39m: 	[32mServer is listening on port: 3000[39m
[2024-06-30T16:49:20.372Z] [32minfo[39m: 	[32mMongoDB connected[39m
[2024-06-30T16:49:20.380Z] [32minfo[39m: 	[32mSuccessfully connected to MongoDB[39m
[2024-06-30T16:49:20.388Z] [32minfo[39m: 	[32mServer is listening on port: 3000[39m
[2024-06-30T16:51:50.732Z] [32minfo[39m: 	[32mMongoDB connected[39m
[2024-06-30T16:51:50.777Z] [32minfo[39m: 	[32mSuccessfully connected to MongoDB[39m
[2024-06-30T16:51:50.793Z] [32minfo[39m: 	[32mServer is listening on port: 3000[39m
[2024-06-30T16:52:37.913Z] [32minfo[39m: 	[32mMongoDB connected[39m
[2024-06-30T16:52:37.927Z] [32minfo[39m: 	[32mSuccessfully connected to MongoDB[39m
[2024-06-30T16:52:37.937Z] [32minfo[39m: 	[32mServer is listening on port: 3000[39m
[2024-06-30T16:52:55.828Z] [32minfo[39m: 	[32mMongoDB connected[39m
[2024-06-30T16:52:55.833Z] [32minfo[39m: 	[32mSuccessfully connected to MongoDB[39m
[2024-06-30T16:52:55.837Z] [32minfo[39m: 	[32mServer is listening on port: 3000[39m
[2024-06-30T17:11:06.724Z] [32minfo[39m: 	[32mMongoDB connected[39m
[2024-06-30T17:11:06.745Z] [32minfo[39m: 	[32mSuccessfully connected to MongoDB[39m
[2024-06-30T17:11:06.750Z] [32minfo[39m: 	[32mMongoDB disconnected[39m
[2024-06-30T17:11:06.753Z] [32minfo[39m: 	[32mMongoDB disconnected and listeners removed[39m
[2024-06-30T17:11:06.761Z] [32minfo[39m: 	[32mMongoDB connected[39m
[2024-06-30T17:11:06.762Z] [32minfo[39m: 	[32mSuccessfully connected to MongoDB[39m
[2024-06-30T17:11:06.774Z] [32minfo[39m: 	[32mMongoDB disconnected[39m
[2024-06-30T17:11:06.775Z] [32minfo[39m: 	[32mMongoDB disconnected and listeners removed[39m
[2024-06-30T17:11:06.777Z] [32minfo[39m: 	[32mMongoDB disconnected and listeners removed[39m
[2024-06-30T17:11:06.793Z] [32minfo[39m: 	[32mMongoDB connected[39m
[2024-06-30T17:11:06.794Z] [32minfo[39m: 	[32mSuccessfully connected to MongoDB[39m
[2024-06-30T17:11:06.805Z] [32minfo[39m: 	[32mMongoDB disconnected[39m
[2024-06-30T17:11:06.807Z] [32minfo[39m: 	[32mMongoDB disconnected and listeners removed[39m
[2024-07-01T01:35:06.294Z] [32minfo[39m: 	[32mMongoDB connected[39m
[2024-07-01T01:35:06.309Z] [32minfo[39m: 	[32mSuccessfully connected to MongoDB[39m
[2024-07-01T01:35:06.314Z] [32minfo[39m: 	[32mServer is listening on port: 3000[39m
[2024-07-01T02:41:57.201Z] [32minfo[39m: 	[32mMongoDB connected[39m
[2024-07-01T02:41:57.211Z] [32minfo[39m: 	[32mSuccessfully connected to MongoDB[39m
[2024-07-01T02:41:57.214Z] [32minfo[39m: 	[32mMongoDB disconnected[39m
[2024-07-01T02:41:57.216Z] [32minfo[39m: 	[32mMongoDB disconnected and listeners removed[39m
[2024-07-01T02:41:57.221Z] [32minfo[39m: 	[32mMongoDB connected[39m
[2024-07-01T02:41:57.222Z] [32minfo[39m: 	[32mSuccessfully connected to MongoDB[39m
[2024-07-01T02:41:57.232Z] [32minfo[39m: 	[32mMongoDB disconnected[39m
[2024-07-01T02:41:57.233Z] [32minfo[39m: 	[32mMongoDB disconnected and listeners removed[39m
[2024-07-01T02:41:57.234Z] [32minfo[39m: 	[32mMongoDB disconnected and listeners removed[39m
[2024-07-01T02:41:57.239Z] [32minfo[39m: 	[32mMongoDB connected[39m
[2024-07-01T02:41:57.239Z] [32minfo[39m: 	[32mSuccessfully connected to MongoDB[39m
[2024-07-01T02:41:57.248Z] [32minfo[39m: 	[32mMongoDB disconnected[39m
[2024-07-01T02:41:57.249Z] [32minfo[39m: 	[32mMongoDB disconnected and listeners removed[39m
[2024-07-01T02:43:10.392Z] [32minfo[39m: 	[32mMongoDB connected[39m
[2024-07-01T02:43:10.401Z] [32minfo[39m: 	[32mSuccessfully connected to MongoDB[39m
[2024-07-01T02:43:10.405Z] [32minfo[39m: 	[32mMongoDB disconnected[39m
[2024-07-01T02:43:10.406Z] [32minfo[39m: 	[32mMongoDB disconnected and listeners removed[39m
[2024-07-01T02:43:10.412Z] [32minfo[39m: 	[32mMongoDB connected[39m
[2024-07-01T02:43:10.413Z] [32minfo[39m: 	[32mSuccessfully connected to MongoDB[39m
[2024-07-01T02:43:10.419Z] [32minfo[39m: 	[32mMongoDB disconnected[39m
[2024-07-01T02:43:10.420Z] [32minfo[39m: 	[32mMongoDB disconnected and listeners removed[39m
[2024-07-01T02:43:10.420Z] [32minfo[39m: 	[32mMongoDB disconnected and listeners removed[39m
[2024-07-01T02:43:10.425Z] [32minfo[39m: 	[32mMongoDB connected[39m
[2024-07-01T02:43:10.426Z] [32minfo[39m: 	[32mSuccessfully connected to MongoDB[39m
[2024-07-01T02:43:10.435Z] [32minfo[39m: 	[32mMongoDB disconnected[39m
[2024-07-01T02:43:10.436Z] [32minfo[39m: 	[32mMongoDB disconnected and listeners removed[39m
[2024-07-01T02:44:55.057Z] [32minfo[39m: 	[32mMongoDB connected[39m
[2024-07-01T02:44:55.067Z] [32minfo[39m: 	[32mSuccessfully connected to MongoDB[39m
[2024-07-01T02:44:55.070Z] [32minfo[39m: 	[32mMongoDB disconnected[39m
[2024-07-01T02:44:55.071Z] [32minfo[39m: 	[32mMongoDB disconnected and listeners removed[39m
[2024-07-01T02:44:55.077Z] [32minfo[39m: 	[32mMongoDB connected[39m
[2024-07-01T02:44:55.078Z] [32minfo[39m: 	[32mSuccessfully connected to MongoDB[39m
[2024-07-01T02:44:55.079Z] [32minfo[39m: 	[32mMongoDB disconnected[39m
[2024-07-01T02:44:55.079Z] [32minfo[39m: 	[32mMongoDB disconnected and listeners removed[39m
[2024-07-01T02:44:55.080Z] [32minfo[39m: 	[32mMongoDB disconnected and listeners removed[39m
[2024-07-01T02:44:55.085Z] [32minfo[39m: 	[32mMongoDB connected[39m
[2024-07-01T02:44:55.086Z] [32minfo[39m: 	[32mSuccessfully connected to MongoDB[39m
[2024-07-01T02:44:55.087Z] [32minfo[39m: 	[32mMongoDB disconnected[39m
[2024-07-01T02:44:55.087Z] [32minfo[39m: 	[32mMongoDB disconnected and listeners removed[39m
[2024-07-01T02:45:18.961Z] [32minfo[39m: 	[32mMongoDB connected[39m
[2024-07-01T02:45:18.971Z] [32minfo[39m: 	[32mSuccessfully connected to MongoDB[39m
[2024-07-01T02:45:18.975Z] [32minfo[39m: 	[32mMongoDB disconnected[39m
[2024-07-01T02:45:18.976Z] [32minfo[39m: 	[32mMongoDB disconnected and listeners removed[39m
[2024-07-01T02:45:18.981Z] [32minfo[39m: 	[32mMongoDB connected[39m
[2024-07-01T02:45:18.982Z] [32minfo[39m: 	[32mSuccessfully connected to MongoDB[39m
[2024-07-01T02:45:18.988Z] [32minfo[39m: 	[32mMongoDB disconnected[39m
[2024-07-01T02:45:18.989Z] [32minfo[39m: 	[32mMongoDB disconnected and listeners removed[39m
[2024-07-01T02:45:18.990Z] [32minfo[39m: 	[32mMongoDB disconnected and listeners removed[39m
[2024-07-01T02:45:18.994Z] [32minfo[39m: 	[32mMongoDB connected[39m
[2024-07-01T02:45:18.995Z] [32minfo[39m: 	[32mSuccessfully connected to MongoDB[39m
[2024-07-01T02:45:19.004Z] [32minfo[39m: 	[32mMongoDB disconnected[39m
[2024-07-01T02:45:19.005Z] [32minfo[39m: 	[32mMongoDB disconnected and listeners removed[39m
[2024-07-01T02:45:57.669Z] [32minfo[39m: 	[32mMongoDB connected[39m
[2024-07-01T02:45:57.678Z] [32minfo[39m: 	[32mSuccessfully connected to MongoDB[39m
[2024-07-01T02:45:57.682Z] [32minfo[39m: 	[32mMongoDB disconnected[39m
[2024-07-01T02:45:57.683Z] [32minfo[39m: 	[32mMongoDB disconnected and listeners removed[39m
[2024-07-01T02:45:57.689Z] [32minfo[39m: 	[32mMongoDB connected[39m
[2024-07-01T02:45:57.689Z] [32minfo[39m: 	[32mSuccessfully connected to MongoDB[39m
[2024-07-01T02:45:57.702Z] [32minfo[39m: 	[32mMongoDB disconnected[39m
[2024-07-01T02:45:57.702Z] [32minfo[39m: 	[32mMongoDB disconnected and listeners removed[39m
[2024-07-01T02:45:57.703Z] [32minfo[39m: 	[32mMongoDB disconnected and listeners removed[39m
[2024-07-01T02:45:57.708Z] [32minfo[39m: 	[32mMongoDB connected[39m
[2024-07-01T02:45:57.709Z] [32minfo[39m: 	[32mSuccessfully connected to MongoDB[39m
[2024-07-01T02:45:57.718Z] [32minfo[39m: 	[32mMongoDB disconnected[39m
[2024-07-01T02:45:57.718Z] [32minfo[39m: 	[32mMongoDB disconnected and listeners removed[39m
[2024-07-01T02:46:59.956Z] [32minfo[39m: 	[32mMongoDB connected[39m
[2024-07-01T02:46:59.965Z] [32minfo[39m: 	[32mSuccessfully connected to MongoDB[39m
[2024-07-01T02:46:59.969Z] [32minfo[39m: 	[32mMongoDB disconnected[39m
[2024-07-01T02:46:59.970Z] [32minfo[39m: 	[32mMongoDB disconnected and listeners removed[39m
[2024-07-01T02:46:59.976Z] [32minfo[39m: 	[32mMongoDB connected[39m
[2024-07-01T02:46:59.976Z] [32minfo[39m: 	[32mSuccessfully connected to MongoDB[39m
[2024-07-01T02:46:59.982Z] [32minfo[39m: 	[32mMongoDB disconnected[39m
[2024-07-01T02:46:59.983Z] [32minfo[39m: 	[32mMongoDB disconnected and listeners removed[39m
[2024-07-01T02:46:59.983Z] [32minfo[39m: 	[32mMongoDB disconnected and listeners removed[39m
[2024-07-01T02:46:59.988Z] [32minfo[39m: 	[32mMongoDB connected[39m
[2024-07-01T02:46:59.989Z] [32minfo[39m: 	[32mSuccessfully connected to MongoDB[39m
[2024-07-01T02:46:59.990Z] [32minfo[39m: 	[32mMongoDB disconnected[39m
[2024-07-01T02:46:59.991Z] [32minfo[39m: 	[32mMongoDB disconnected and listeners removed[39m
[2024-07-01T02:52:11.142Z] [32minfo[39m: 	[32mMongoDB connected[39m
[2024-07-01T02:52:11.151Z] [32minfo[39m: 	[32mSuccessfully connected to MongoDB[39m
[2024-07-01T02:52:11.155Z] [32minfo[39m: 	[32mMongoDB disconnected[39m
[2024-07-01T02:52:11.156Z] [32minfo[39m: 	[32mMongoDB disconnected and listeners removed[39m
[2024-07-01T02:52:11.162Z] [32minfo[39m: 	[32mMongoDB connected[39m
[2024-07-01T02:52:11.162Z] [32minfo[39m: 	[32mSuccessfully connected to MongoDB[39m
[2024-07-01T02:52:11.165Z] [32minfo[39m: 	[32mMongoDB disconnected[39m
[2024-07-01T02:52:11.165Z] [32minfo[39m: 	[32mMongoDB disconnected and listeners removed[39m
[2024-07-01T02:52:11.166Z] [32minfo[39m: 	[32mMongoDB disconnected and listeners removed[39m
[2024-07-01T02:52:11.171Z] [32minfo[39m: 	[32mMongoDB connected[39m
[2024-07-01T02:52:11.172Z] [32minfo[39m: 	[32mSuccessfully connected to MongoDB[39m
[2024-07-01T02:52:11.181Z] [32minfo[39m: 	[32mMongoDB disconnected[39m
[2024-07-01T02:52:11.181Z] [32minfo[39m: 	[32mMongoDB disconnected and listeners removed[39m
[2024-07-01T02:54:59.804Z] [32minfo[39m: 	[32mMongoDB connected[39m
[2024-07-01T02:54:59.813Z] [32minfo[39m: 	[32mSuccessfully connected to MongoDB[39m
[2024-07-01T02:54:59.817Z] [32minfo[39m: 	[32mMongoDB disconnected[39m
[2024-07-01T02:54:59.818Z] [32minfo[39m: 	[32mMongoDB disconnected and listeners removed[39m
[2024-07-01T02:54:59.824Z] [32minfo[39m: 	[32mMongoDB connected[39m
[2024-07-01T02:54:59.825Z] [32minfo[39m: 	[32mSuccessfully connected to MongoDB[39m
[2024-07-01T02:54:59.829Z] [32minfo[39m: 	[32mMongoDB disconnected[39m
[2024-07-01T02:54:59.829Z] [32minfo[39m: 	[32mMongoDB disconnected and listeners removed[39m
[2024-07-01T02:54:59.830Z] [32minfo[39m: 	[32mMongoDB disconnected and listeners removed[39m
[2024-07-01T02:54:59.836Z] [32minfo[39m: 	[32mMongoDB connected[39m
[2024-07-01T02:54:59.836Z] [32minfo[39m: 	[32mSuccessfully connected to MongoDB[39m
[2024-07-01T02:54:59.845Z] [32minfo[39m: 	[32mMongoDB disconnected[39m
[2024-07-01T02:54:59.845Z] [32minfo[39m: 	[32mMongoDB disconnected and listeners removed[39m
[2024-07-01T02:59:19.666Z] [32minfo[39m: 	[32mMongoDB connected[39m
[2024-07-01T02:59:19.669Z] [32minfo[39m: 	[32mSuccessfully connected to MongoDB[39m
[2024-07-01T02:59:19.671Z] [32minfo[39m: 	[32mServer is listening on port: 3000[39m
[2024-07-01T02:59:31.033Z] [32minfo[39m: 	[32mMongoDB connected[39m
[2024-07-01T02:59:31.043Z] [32minfo[39m: 	[32mSuccessfully connected to MongoDB[39m
[2024-07-01T02:59:31.047Z] [32minfo[39m: 	[32mMongoDB disconnected[39m
[2024-07-01T02:59:31.049Z] [32minfo[39m: 	[32mMongoDB disconnected and listeners removed[39m
[2024-07-01T02:59:31.054Z] [32minfo[39m: 	[32mMongoDB connected[39m
[2024-07-01T02:59:31.055Z] [32minfo[39m: 	[32mSuccessfully connected to MongoDB[39m
[2024-07-01T02:59:31.061Z] [32minfo[39m: 	[32mMongoDB disconnected[39m
[2024-07-01T02:59:31.062Z] [32minfo[39m: 	[32mMongoDB disconnected and listeners removed[39m
[2024-07-01T02:59:31.063Z] [32minfo[39m: 	[32mMongoDB disconnected and listeners removed[39m
[2024-07-01T02:59:31.068Z] [32minfo[39m: 	[32mMongoDB connected[39m
[2024-07-01T02:59:31.069Z] [32minfo[39m: 	[32mSuccessfully connected to MongoDB[39m
[2024-07-01T02:59:31.070Z] [32minfo[39m: 	[32mMongoDB disconnected[39m
[2024-07-01T02:59:31.070Z] [32minfo[39m: 	[32mMongoDB disconnected and listeners removed[39m
[2024-07-01T03:00:32.931Z] [32minfo[39m: 	[32mMongoDB connected[39m
[2024-07-01T03:00:32.941Z] [32minfo[39m: 	[32mSuccessfully connected to MongoDB[39m
[2024-07-01T03:00:32.945Z] [32minfo[39m: 	[32mMongoDB disconnected[39m
[2024-07-01T03:00:32.946Z] [32minfo[39m: 	[32mMongoDB disconnected and listeners removed[39m
[2024-07-01T03:00:32.952Z] [32minfo[39m: 	[32mMongoDB connected[39m
[2024-07-01T03:00:32.953Z] [32minfo[39m: 	[32mSuccessfully connected to MongoDB[39m
[2024-07-01T03:00:32.954Z] [32minfo[39m: 	[32mMongoDB disconnected[39m
[2024-07-01T03:00:32.955Z] [32minfo[39m: 	[32mMongoDB disconnected and listeners removed[39m
[2024-07-01T03:00:32.955Z] [32minfo[39m: 	[32mMongoDB disconnected and listeners removed[39m
[2024-07-01T03:00:32.961Z] [32minfo[39m: 	[32mMongoDB connected[39m
[2024-07-01T03:00:32.962Z] [32minfo[39m: 	[32mSuccessfully connected to MongoDB[39m
[2024-07-01T03:00:32.971Z] [32minfo[39m: 	[32mMongoDB disconnected[39m
[2024-07-01T03:00:32.972Z] [32minfo[39m: 	[32mMongoDB disconnected and listeners removed[39m
[2024-07-01T03:01:18.064Z] [32minfo[39m: 	[32mMongoDB connected[39m
[2024-07-01T03:01:18.074Z] [32minfo[39m: 	[32mSuccessfully connected to MongoDB[39m
[2024-07-01T03:01:18.079Z] [32minfo[39m: 	[32mMongoDB disconnected[39m
[2024-07-01T03:01:18.080Z] [32minfo[39m: 	[32mMongoDB disconnected and listeners removed[39m
[2024-07-01T03:01:18.089Z] [32minfo[39m: 	[32mMongoDB connected[39m
[2024-07-01T03:01:18.089Z] [32minfo[39m: 	[32mSuccessfully connected to MongoDB[39m
[2024-07-01T03:01:18.099Z] [32minfo[39m: 	[32mMongoDB disconnected[39m
[2024-07-01T03:01:18.100Z] [32minfo[39m: 	[32mMongoDB disconnected and listeners removed[39m
[2024-07-01T03:01:18.101Z] [32minfo[39m: 	[32mMongoDB disconnected and listeners removed[39m
[2024-07-01T03:01:18.109Z] [32minfo[39m: 	[32mMongoDB connected[39m
[2024-07-01T03:01:18.109Z] [32minfo[39m: 	[32mSuccessfully connected to MongoDB[39m
[2024-07-01T03:01:18.114Z] [32minfo[39m: 	[32mMongoDB disconnected[39m
[2024-07-01T03:01:18.115Z] [32minfo[39m: 	[32mMongoDB disconnected and listeners removed[39m
[2024-07-01T03:01:53.098Z] [32minfo[39m: 	[32mMongoDB connected[39m
[2024-07-01T03:01:53.108Z] [32minfo[39m: 	[32mSuccessfully connected to MongoDB[39m
[2024-07-01T03:01:53.111Z] [32minfo[39m: 	[32mMongoDB disconnected[39m
[2024-07-01T03:01:53.113Z] [32minfo[39m: 	[32mMongoDB disconnected and listeners removed[39m
[2024-07-01T03:01:53.119Z] [32minfo[39m: 	[32mMongoDB connected[39m
[2024-07-01T03:01:53.119Z] [32minfo[39m: 	[32mSuccessfully connected to MongoDB[39m
[2024-07-01T03:01:53.127Z] [32minfo[39m: 	[32mMongoDB disconnected[39m
[2024-07-01T03:01:53.127Z] [32minfo[39m: 	[32mMongoDB disconnected and listeners removed[39m
[2024-07-01T03:01:53.128Z] [32minfo[39m: 	[32mMongoDB disconnected and listeners removed[39m
[2024-07-01T03:01:53.134Z] [32minfo[39m: 	[32mMongoDB connected[39m
[2024-07-01T03:01:53.135Z] [32minfo[39m: 	[32mSuccessfully connected to MongoDB[39m
[2024-07-01T03:01:53.136Z] [32minfo[39m: 	[32mMongoDB disconnected[39m
[2024-07-01T03:01:53.136Z] [32minfo[39m: 	[32mMongoDB disconnected and listeners removed[39m
[2024-07-01T03:02:57.089Z] [32minfo[39m: 	[32mMongoDB connected[39m
[2024-07-01T03:02:57.099Z] [32minfo[39m: 	[32mSuccessfully connected to MongoDB[39m
[2024-07-01T03:02:57.103Z] [32minfo[39m: 	[32mMongoDB disconnected[39m
[2024-07-01T03:02:57.104Z] [32minfo[39m: 	[32mMongoDB disconnected and listeners removed[39m
[2024-07-01T03:02:57.110Z] [32minfo[39m: 	[32mMongoDB connected[39m
[2024-07-01T03:02:57.110Z] [32minfo[39m: 	[32mSuccessfully connected to MongoDB[39m
[2024-07-01T03:02:57.117Z] [32minfo[39m: 	[32mMongoDB disconnected[39m
[2024-07-01T03:02:57.118Z] [32minfo[39m: 	[32mMongoDB disconnected and listeners removed[39m
[2024-07-01T03:02:57.119Z] [32minfo[39m: 	[32mMongoDB disconnected and listeners removed[39m
[2024-07-01T03:02:57.125Z] [32minfo[39m: 	[32mMongoDB connected[39m
[2024-07-01T03:02:57.126Z] [32minfo[39m: 	[32mSuccessfully connected to MongoDB[39m
[2024-07-01T03:02:57.128Z] [32minfo[39m: 	[32mMongoDB disconnected[39m
[2024-07-01T03:02:57.129Z] [32minfo[39m: 	[32mMongoDB disconnected and listeners removed[39m
[2024-07-01T03:04:17.640Z] [32minfo[39m: 	[32mMongoDB connected[39m
[2024-07-01T03:04:17.649Z] [32minfo[39m: 	[32mSuccessfully connected to MongoDB[39m
[2024-07-01T03:04:17.653Z] [32minfo[39m: 	[32mMongoDB disconnected[39m
[2024-07-01T03:04:17.654Z] [32minfo[39m: 	[32mMongoDB disconnected and listeners removed[39m
[2024-07-01T03:04:17.661Z] [32minfo[39m: 	[32mMongoDB connected[39m
[2024-07-01T03:04:17.661Z] [32minfo[39m: 	[32mSuccessfully connected to MongoDB[39m
[2024-07-01T03:04:17.670Z] [32minfo[39m: 	[32mMongoDB disconnected[39m
[2024-07-01T03:04:17.671Z] [32minfo[39m: 	[32mMongoDB disconnected and listeners removed[39m
[2024-07-01T03:04:17.671Z] [32minfo[39m: 	[32mMongoDB disconnected and listeners removed[39m
[2024-07-01T03:04:17.677Z] [32minfo[39m: 	[32mMongoDB connected[39m
[2024-07-01T03:04:17.678Z] [32minfo[39m: 	[32mSuccessfully connected to MongoDB[39m
[2024-07-01T03:04:17.680Z] [32minfo[39m: 	[32mMongoDB disconnected[39m
[2024-07-01T03:04:17.680Z] [32minfo[39m: 	[32mMongoDB disconnected and listeners removed[39m
[2024-07-01T03:09:51.816Z] [32minfo[39m: 	[32mMongoDB connected[39m
[2024-07-01T03:09:51.819Z] [32minfo[39m: 	[32mSuccessfully connected to MongoDB[39m
[2024-07-01T03:09:51.822Z] [32minfo[39m: 	[32mServer is listening on port: 3000[39m
[2024-07-01T03:10:41.489Z] [31merror[39m: 	[31mUserService ValidateInput() error: [[39m
[31m  {[39m
[31m    "code": "too_small",[39m
[31m    "minimum": 5,[39m
[31m    "type": "string",[39m
[31m    "inclusive": true,[39m
[31m    "exact": false,[39m
[31m    "message": "English name must be at least 5 characters",[39m
[31m    "path": [[39m
[31m      "fullName",[39m
[31m      "en"[39m
[31m    ][39m
[31m  },[39m
[31m  {[39m
[31m    "code": "too_small",[39m
[31m    "minimum": 5,[39m
[31m    "type": "string",[39m
[31m    "inclusive": true,[39m
[31m    "exact": false,[39m
[31m    "message": "Khmer name must be at least 5 characters",[39m
[31m    "path": [[39m
[31m      "fullName",[39m
[31m      "km"[39m
[31m    ][39m
[31m  },[39m
[31m  {[39m
[31m    "validation": "regex",[39m
[31m    "code": "invalid_string",[39m
[31m    "message": "Invalid date format (YYYY-MM-DD)",[39m
[31m    "path": [[39m
[31m      "DOB"[39m
[31m    ][39m
[31m  },[39m
[31m  {[39m
[31m    "code": "custom",[39m
[31m    "message": "Invalid date format (YYYY-MM-DD)",[39m
[31m    "path": [[39m
[31m      "DOB"[39m
[31m    ][39m
[31m  }[39m
[31m][39m
[2024-07-01T03:10:41.496Z] [31merror[39m: 	[31mErrorHandler() method error: Error: The input provided is invalid[39m
[2024-07-01T03:12:07.138Z] [32minfo[39m: 	[32mMongoDB connected[39m
[2024-07-01T03:12:07.153Z] [32minfo[39m: 	[32mSuccessfully connected to MongoDB[39m
[2024-07-01T03:12:07.157Z] [32minfo[39m: 	[32mServer is listening on port: 3000[39m
[2024-07-01T03:12:17.558Z] [31merror[39m: 	[31mUserService ValidateInput() error: [[39m
[31m  {[39m
[31m    "code": "too_small",[39m
[31m    "minimum": 5,[39m
[31m    "type": "string",[39m
[31m    "inclusive": true,[39m
[31m    "exact": false,[39m
[31m    "message": "English name must be at least 5 characters",[39m
[31m    "path": [[39m
[31m      "fullName",[39m
[31m      "en"[39m
[31m    ][39m
[31m  },[39m
[31m  {[39m
[31m    "code": "too_small",[39m
[31m    "minimum": 5,[39m
[31m    "type": "string",[39m
[31m    "inclusive": true,[39m
[31m    "exact": false,[39m
[31m    "message": "Khmer name must be at least 5 characters",[39m
[31m    "path": [[39m
[31m      "fullName",[39m
[31m      "km"[39m
[31m    ][39m
[31m  },[39m
[31m  {[39m
[31m    "validation": "regex",[39m
[31m    "code": "invalid_string",[39m
[31m    "message": "Invalid date format (YYYY-MM-DD)",[39m
[31m    "path": [[39m
[31m      "DOB"[39m
[31m    ][39m
[31m  },[39m
[31m  {[39m
[31m    "code": "custom",[39m
[31m    "message": "Invalid date format (YYYY-MM-DD)",[39m
[31m    "path": [[39m
[31m      "DOB"[39m
[31m    ][39m
[31m  }[39m
[31m][39m
[2024-07-01T03:12:17.565Z] [31merror[39m: 	[31mErrorHandler() method error: Error: The input provided is invalid[39m
[2024-07-01T03:12:29.935Z] [31merror[39m: 	[31mUserService ValidateInput() error: [[39m
[31m  {[39m
[31m    "validation": "regex",[39m
[31m    "code": "invalid_string",[39m
[31m    "message": "Invalid date format (YYYY-MM-DD)",[39m
[31m    "path": [[39m
[31m      "DOB"[39m
[31m    ][39m
[31m  },[39m
[31m  {[39m
[31m    "code": "custom",[39m
[31m    "message": "Invalid date format (YYYY-MM-DD)",[39m
[31m    "path": [[39m
[31m      "DOB"[39m
[31m    ][39m
[31m  }[39m
[31m][39m
[2024-07-01T03:12:29.939Z] [31merror[39m: 	[31mErrorHandler() method error: Error: The input provided is invalid[39m
[2024-07-01T03:12:43.302Z] [31merror[39m: 	[31mUserService ValidateInput() error: [[39m
[31m  {[39m
[31m    "validation": "regex",[39m
[31m    "code": "invalid_string",[39m
[31m    "message": "Invalid date format (YYYY-MM-DD)",[39m
[31m    "path": [[39m
[31m      "DOB"[39m
[31m    ][39m
[31m  },[39m
[31m  {[39m
[31m    "code": "custom",[39m
[31m    "message": "Invalid date format (YYYY-MM-DD)",[39m
[31m    "path": [[39m
[31m      "DOB"[39m
[31m    ][39m
[31m  }[39m
[31m][39m
[2024-07-01T03:12:43.307Z] [31merror[39m: 	[31mErrorHandler() method error: Error: The input provided is invalid[39m
[2024-07-01T03:13:43.433Z] [32minfo[39m: 	[32mMongoDB connected[39m
[2024-07-01T03:13:43.436Z] [32minfo[39m: 	[32mSuccessfully connected to MongoDB[39m
[2024-07-01T03:13:43.439Z] [32minfo[39m: 	[32mServer is listening on port: 3000[39m
[2024-07-01T03:13:50.573Z] [32minfo[39m: 	[32mMongoDB connected[39m
[2024-07-01T03:13:50.576Z] [32minfo[39m: 	[32mSuccessfully connected to MongoDB[39m
[2024-07-01T03:13:50.579Z] [32minfo[39m: 	[32mServer is listening on port: 3000[39m
[2024-07-01T03:14:08.558Z] [32minfo[39m: 	[32mMongoDB connected[39m
[2024-07-01T03:14:08.565Z] [32minfo[39m: 	[32mSuccessfully connected to MongoDB[39m
[2024-07-01T03:14:08.570Z] [32minfo[39m: 	[32mServer is listening on port: 3000[39m
[2024-07-01T03:14:23.203Z] [31merror[39m: 	[31mUserService ValidateInput() error: [[39m
[31m  {[39m
[31m    "validation": "regex",[39m
[31m    "code": "invalid_string",[39m
[31m    "message": "Invalid date format (DD-MM-YYYY)",[39m
[31m    "path": [[39m
[31m      "DOB"[39m
[31m    ][39m
[31m  }[39m
[31m][39m
[2024-07-01T03:14:23.206Z] [31merror[39m: 	[31mErrorHandler() method error: Error: The input provided is invalid[39m
[2024-07-01T03:15:16.699Z] [31merror[39m: 	[31mError creating student: Student validation failed: DOB: Cast to date failed for value "27-07-2024" (type string) at path "DOB"[39m
[2024-07-01T03:15:16.700Z] [31merror[39m: 	[31mErrorHandler() method error: Error: An error occurred during create student: Student validation failed: DOB: Cast to date failed for value "27-07-2024" (type string) at path "DOB"[39m
[2024-07-01T03:15:46.733Z] [31merror[39m: 	[31mUserService ValidateInput() error: [[39m
[31m  {[39m
[31m    "validation": "regex",[39m
[31m    "code": "invalid_string",[39m
[31m    "message": "Invalid date format (DD-MM-YYYY)",[39m
[31m    "path": [[39m
[31m      "DOB"[39m
[31m    ][39m
[31m  }[39m
[31m][39m
[2024-07-01T03:15:46.735Z] [31merror[39m: 	[31mErrorHandler() method error: Error: The input provided is invalid[39m
[2024-07-01T03:15:54.481Z] [31merror[39m: 	[31mError creating student: Student validation failed: DOB: Cast to date failed for value "27-07-2024" (type string) at path "DOB"[39m
[2024-07-01T03:15:54.482Z] [31merror[39m: 	[31mErrorHandler() method error: Error: An error occurred during create student: Student validation failed: DOB: Cast to date failed for value "27-07-2024" (type string) at path "DOB"[39m
[2024-07-01T03:15:59.266Z] [31merror[39m: 	[31mUserService ValidateInput() error: [[39m
[31m  {[39m
[31m    "validation": "regex",[39m
[31m    "code": "invalid_string",[39m
[31m    "message": "Invalid date format (DD-MM-YYYY)",[39m
[31m    "path": [[39m
[31m      "DOB"[39m
[31m    ][39m
[31m  },[39m
[31m  {[39m
[31m    "code": "custom",[39m
[31m    "message": "Invalid date format (DD-MM-YYYY)",[39m
[31m    "path": [[39m
[31m      "DOB"[39m
[31m    ][39m
[31m  }[39m
[31m][39m
[2024-07-01T03:15:59.269Z] [31merror[39m: 	[31mErrorHandler() method error: Error: The input provided is invalid[39m
[2024-07-01T03:16:09.069Z] [31merror[39m: 	[31mUserService ValidateInput() error: [[39m
[31m  {[39m
[31m    "validation": "regex",[39m
[31m    "code": "invalid_string",[39m
[31m    "message": "Invalid date format (DD-MM-YYYY)",[39m
[31m    "path": [[39m
[31m      "DOB"[39m
[31m    ][39m
[31m  }[39m
[31m][39m
[2024-07-01T03:16:09.071Z] [31merror[39m: 	[31mErrorHandler() method error: Error: The input provided is invalid[39m
[2024-07-01T03:16:16.220Z] [31merror[39m: 	[31mUserService ValidateInput() error: [[39m
[31m  {[39m
[31m    "validation": "regex",[39m
[31m    "code": "invalid_string",[39m
[31m    "message": "Invalid date format (DD-MM-YYYY)",[39m
[31m    "path": [[39m
[31m      "DOB"[39m
[31m    ][39m
[31m  }[39m
[31m][39m
[2024-07-01T03:16:16.223Z] [31merror[39m: 	[31mErrorHandler() method error: Error: The input provided is invalid[39m
[2024-07-01T03:16:50.959Z] [32minfo[39m: 	[32mMongoDB connected[39m
[2024-07-01T03:16:50.962Z] [32minfo[39m: 	[32mSuccessfully connected to MongoDB[39m
[2024-07-01T03:16:50.964Z] [32minfo[39m: 	[32mServer is listening on port: 3000[39m
[2024-07-01T03:17:02.103Z] [31merror[39m: 	[31mError creating student: E11000 duplicate key error collection: test.students index: phoneNumber_1 dup key: { phoneNumber: "2333333222" }[39m
[2024-07-01T03:17:02.105Z] [31merror[39m: 	[31mErrorHandler() method error: Error: An error occurred during create student: E11000 duplicate key error collection: test.students index: phoneNumber_1 dup key: { phoneNumber: "2333333222" }[39m
[2024-07-01T03:17:35.600Z] [31merror[39m: 	[31mUserService ValidateInput() error: [[39m
[31m  {[39m
[31m    "validation": "regex",[39m
[31m    "code": "invalid_string",[39m
[31m    "message": "Invalid date format (YYYY-MM-DD)",[39m
[31m    "path": [[39m
[31m      "DOB"[39m
[31m    ][39m
[31m  }[39m
[31m][39m
[2024-07-01T03:17:35.603Z] [31merror[39m: 	[31mErrorHandler() method error: Error: The input provided is invalid[39m
[2024-07-01T03:18:00.029Z] [31merror[39m: 	[31mUserService ValidateInput() error: [[39m
[31m  {[39m
[31m    "code": "invalid_type",[39m
[31m    "expected": "date",[39m
[31m    "received": "string",[39m
[31m    "path": [[39m
[31m      "startDate"[39m
[31m    ],[39m
[31m    "message": "Expected date, received string"[39m
[31m  },[39m
[31m  {[39m
[31m    "code": "invalid_type",[39m
[31m    "expected": "date",[39m
[31m    "received": "string",[39m
[31m    "path": [[39m
[31m      "endDate"[39m
[31m    ],[39m
[31m    "message": "Expected date, received string"[39m
[31m  }[39m
[31m][39m
[2024-07-01T03:18:00.031Z] [31merror[39m: 	[31mErrorHandler() method error: Error: The input provided is invalid[39m
[2024-07-01T03:19:34.327Z] [31merror[39m: 	[31mUserService ValidateInput() error: [[39m
[31m  {[39m
[31m    "code": "invalid_type",[39m
[31m    "expected": "date",[39m
[31m    "received": "string",[39m
[31m    "path": [[39m
[31m      "startDate"[39m
[31m    ],[39m
[31m    "message": "Expected date, received string"[39m
[31m  },[39m
[31m  {[39m
[31m    "code": "invalid_type",[39m
[31m    "expected": "date",[39m
[31m    "received": "string",[39m
[31m    "path": [[39m
[31m      "endDate"[39m
[31m    ],[39m
[31m    "message": "Expected date, received string"[39m
[31m  }[39m
[31m][39m
[2024-07-01T03:19:34.329Z] [31merror[39m: 	[31mErrorHandler() method error: Error: The input provided is invalid[39m
[2024-07-01T03:20:35.082Z] [32minfo[39m: 	[32mMongoDB connected[39m
[2024-07-01T03:20:35.085Z] [32minfo[39m: 	[32mSuccessfully connected to MongoDB[39m
[2024-07-01T03:20:35.088Z] [32minfo[39m: 	[32mServer is listening on port: 3000[39m
[2024-07-01T03:24:59.733Z] [31merror[39m: 	[31mUserService ValidateInput() error: [[39m
[31m  {[39m
[31m    "code": "too_small",[39m
[31m    "minimum": 5,[39m
[31m    "type": "string",[39m
[31m    "inclusive": true,[39m
[31m    "exact": false,[39m
[31m    "message": "String must contain at least 5 character(s)",[39m
[31m    "path": [[39m
[31m      "courseName"[39m
[31m    ][39m
[31m  }[39m
[31m][39m
[2024-07-01T03:24:59.735Z] [31merror[39m: 	[31mErrorHandler() method error: Error: The input provided is invalid[39m
[2024-07-01T03:26:07.624Z] [32minfo[39m: 	[32mMongoDB connected[39m
[2024-07-01T03:26:07.627Z] [32minfo[39m: 	[32mSuccessfully connected to MongoDB[39m
[2024-07-01T03:26:07.630Z] [32minfo[39m: 	[32mServer is listening on port: 3000[39m
[2024-07-01T03:26:19.762Z] [32minfo[39m: 	[32mresponse sent {[39m
[32m  "url": "/course/66802ca47beaeb3ee5704bde",[39m
[32m  "method": "PATCH",[39m
[32m  "statusCode": 404,[39m
[32m  "duration": 2[39m
[32m}[39m
[2024-07-01T03:26:51.734Z] [31merror[39m: 	[31mErrorHandler() method error: SyntaxError: Expected ',' or '}' after property value in JSON at position 40[39m
[2024-07-01T03:27:08.567Z] [32minfo[39m: 	[32mresponse sent {[39m
[32m  "url": "/course/66802ca47beaeb3ee5704bde",[39m
[32m  "method": "PATCH",[39m
[32m  "statusCode": 404,[39m
[32m  "duration": 2[39m
[32m}[39m
[2024-07-01T03:27:33.704Z] [32minfo[39m: 	[32mMongoDB connected[39m
[2024-07-01T03:27:33.708Z] [32minfo[39m: 	[32mSuccessfully connected to MongoDB[39m
[2024-07-01T03:27:33.712Z] [32minfo[39m: 	[32mServer is listening on port: 3000[39m
[2024-07-01T03:27:41.861Z] [32minfo[39m: 	[32mMongoDB connected[39m
[2024-07-01T03:27:41.864Z] [32minfo[39m: 	[32mSuccessfully connected to MongoDB[39m
[2024-07-01T03:27:41.867Z] [32minfo[39m: 	[32mServer is listening on port: 3000[39m
[2024-07-01T03:28:13.057Z] [32minfo[39m: 	[32mMongoDB connected[39m
[2024-07-01T03:28:13.065Z] [32minfo[39m: 	[32mSuccessfully connected to MongoDB[39m
[2024-07-01T03:28:13.072Z] [32minfo[39m: 	[32mServer is listening on port: 3000[39m
[2024-07-01T03:29:24.095Z] [32minfo[39m: 	[32mMongoDB connected[39m
[2024-07-01T03:29:24.098Z] [32minfo[39m: 	[32mSuccessfully connected to MongoDB[39m
[2024-07-01T03:29:24.101Z] [32minfo[39m: 	[32mServer is listening on port: 3000[39m
[2024-07-01T03:29:46.890Z] [32minfo[39m: 	[32mMongoDB connected[39m
[2024-07-01T03:29:46.894Z] [32minfo[39m: 	[32mSuccessfully connected to MongoDB[39m
[2024-07-01T03:29:46.897Z] [32minfo[39m: 	[32mServer is listening on port: 3000[39m
[2024-07-01T03:30:03.774Z] [32minfo[39m: 	[32mMongoDB connected[39m
[2024-07-01T03:30:03.777Z] [32minfo[39m: 	[32mSuccessfully connected to MongoDB[39m
[2024-07-01T03:30:03.780Z] [32minfo[39m: 	[32mServer is listening on port: 3000[39m
[2024-07-01T03:30:24.737Z] [32minfo[39m: 	[32mMongoDB connected[39m
[2024-07-01T03:30:24.741Z] [32minfo[39m: 	[32mSuccessfully connected to MongoDB[39m
[2024-07-01T03:30:24.745Z] [32minfo[39m: 	[32mServer is listening on port: 3000[39m
[2024-07-01T03:30:59.834Z] [32minfo[39m: 	[32mMongoDB connected[39m
[2024-07-01T03:30:59.838Z] [32minfo[39m: 	[32mSuccessfully connected to MongoDB[39m
[2024-07-01T03:30:59.840Z] [32minfo[39m: 	[32mServer is listening on port: 3000[39m
[2024-07-01T03:32:00.199Z] [32minfo[39m: 	[32mMongoDB connected[39m
[2024-07-01T03:32:00.203Z] [32minfo[39m: 	[32mSuccessfully connected to MongoDB[39m
[2024-07-01T03:32:00.206Z] [32minfo[39m: 	[32mServer is listening on port: 3000[39m
[2024-07-01T03:33:06.465Z] [32minfo[39m: 	[32mMongoDB connected[39m
[2024-07-01T03:33:06.469Z] [32minfo[39m: 	[32mSuccessfully connected to MongoDB[39m
[2024-07-01T03:33:06.472Z] [32minfo[39m: 	[32mServer is listening on port: 3000[39m
[2024-07-01T03:33:53.930Z] [32minfo[39m: 	[32mMongoDB connected[39m
[2024-07-01T03:33:53.934Z] [32minfo[39m: 	[32mSuccessfully connected to MongoDB[39m
[2024-07-01T03:33:53.937Z] [32minfo[39m: 	[32mServer is listening on port: 3000[39m
[2024-07-01T03:34:08.991Z] [32minfo[39m: 	[32mMongoDB connected[39m
[2024-07-01T03:34:09.001Z] [32minfo[39m: 	[32mSuccessfully connected to MongoDB[39m
[2024-07-01T03:34:09.006Z] [32minfo[39m: 	[32mServer is listening on port: 3000[39m
[2024-07-01T03:34:33.993Z] [32minfo[39m: 	[32mMongoDB connected[39m
[2024-07-01T03:34:33.997Z] [32minfo[39m: 	[32mSuccessfully connected to MongoDB[39m
[2024-07-01T03:34:34.000Z] [32minfo[39m: 	[32mServer is listening on port: 3000[39m
[2024-07-01T03:36:07.341Z] [32minfo[39m: 	[32mresponse sent {[39m
[32m  "url": "/students",[39m
[32m  "method": "PATCH",[39m
[32m  "statusCode": 404,[39m
[32m  "duration": 3[39m
[32m}[39m
[2024-07-01T03:36:20.446Z] [31merror[39m: 	[31mUserService ValidateInput() error: [[39m
[31m  {[39m
[31m    "code": "too_small",[39m
[31m    "minimum": 5,[39m
[31m    "type": "string",[39m
[31m    "inclusive": true,[39m
[31m    "exact": false,[39m
[31m    "message": "String must contain at least 5 character(s)",[39m
[31m    "path": [[39m
[31m      "fullName",[39m
[31m      "km"[39m
[31m    ][39m
[31m  }[39m
[31m][39m
[2024-07-01T03:36:20.450Z] [31merror[39m: 	[31mErrorHandler() method error: Error: The input provided is invalid[39m
[2024-07-01T03:40:26.274Z] [32minfo[39m: 	[32mMongoDB connected[39m
[2024-07-01T03:40:26.278Z] [32minfo[39m: 	[32mSuccessfully connected to MongoDB[39m
[2024-07-01T03:40:26.281Z] [32minfo[39m: 	[32mServer is listening on port: 3000[39m
[2024-07-01T03:40:31.388Z] [32minfo[39m: 	[32mMongoDB connected[39m
[2024-07-01T03:40:31.404Z] [32minfo[39m: 	[32mSuccessfully connected to MongoDB[39m
[2024-07-01T03:40:31.408Z] [32minfo[39m: 	[32mServer is listening on port: 3000[39m
[2024-07-01T03:42:46.507Z] [32minfo[39m: 	[32mMongoDB connected[39m
[2024-07-01T03:42:46.521Z] [32minfo[39m: 	[32mSuccessfully connected to MongoDB[39m
[2024-07-01T03:42:46.534Z] [32minfo[39m: 	[32mServer is listening on port: 3000[39m
[2024-07-01T03:45:15.987Z] [32minfo[39m: 	[32mMongoDB connected[39m
[2024-07-01T03:45:15.990Z] [32minfo[39m: 	[32mSuccessfully connected to MongoDB[39m
[2024-07-01T03:45:15.993Z] [32minfo[39m: 	[32mServer is listening on port: 3000[39m
[2024-07-01T03:47:48.975Z] [32minfo[39m: 	[32mMongoDB connected[39m
[2024-07-01T03:47:48.978Z] [32minfo[39m: 	[32mSuccessfully connected to MongoDB[39m
[2024-07-01T03:47:48.981Z] [32minfo[39m: 	[32mServer is listening on port: 3000[39m
[2024-07-01T03:51:04.979Z] [32minfo[39m: 	[32mMongoDB connected[39m
[2024-07-01T03:51:04.989Z] [32minfo[39m: 	[32mSuccessfully connected to MongoDB[39m
[2024-07-01T03:51:04.995Z] [32minfo[39m: 	[32mServer is listening on port: 3000[39m
